[2026-07-05 06:12:45] ============================================================
[2026-07-05 06:12:45]   B.Tech Jobs Fresher - Telegram Bot
[2026-07-05 06:12:45]   TARGET: B.Tech Freshers | LOCATION: Hyderabad
[2026-07-05 06:12:45]   CHECK INTERVAL: Every 10 minutes
[2026-07-05 06:12:45] ============================================================
[2026-07-05 06:12:45] Loaded 0 previously seen jobs.
[2026-07-05 06:12:45] Window: sending jobs posted after 2026-07-04T00:00:00
[2026-07-05 06:12:45] First run: preloading existing jobs as seen — only NEW jobs will be posted.
[2026-07-05 06:16:34] Preload done. 32 jobs marked as seen.
[2026-07-05 06:16:34] Checking for new B.Tech fresher jobs from LinkedIn...
[2026-07-05 06:20:36] Found 2 new jobs! Sending to Telegram...
[2026-07-05 06:20:39]   Sent: [LinkedIn] Analyst II, Data Operations (R-18910) @ Dun & Bradstreet | Hyderabad, Telangana, India
[2026-07-05 06:20:42]   Sent: [LinkedIn] Full Stack Java Developer @ Wellness360 | Greater Hyderabad Area
[2026-07-05 06:20:42] Done. Sent 2 new jobs. Total tracked: 34
[2026-07-05 06:20:42] Single-run cycle complete. Exiting.
[2026-07-05 06:45:15] ============================================================
[2026-07-05 06:45:15]   B.Tech Jobs Fresher - Telegram Bot
[2026-07-05 06:45:15]   TARGET: B.Tech Freshers | LOCATION: Hyderabad
[2026-07-05 06:45:15]   CHECK INTERVAL: Every 10 minutes
[2026-07-05 06:45:15] ============================================================
[2026-07-05 06:45:15] Loaded 34 previously seen jobs.
[2026-07-05 06:45:15] Window: sending jobs posted after 2026-07-05T06:13:00
[2026-07-05 06:45:15] Checking for new B.Tech fresher jobs from LinkedIn...
[2026-07-05 06:47:58] No new jobs found. Total tracked: 34
[2026-07-05 06:47:58] Single-run cycle complete. Exiting.
[2026-07-05 07:02:24] ============================================================
[2026-07-05 07:02:24]   B.Tech Jobs Fresher - Telegram Bot
[2026-07-05 07:02:24]   TARGET: B.Tech Freshers | LOCATION: Hyderabad
[2026-07-05 07:02:24]   CHECK INTERVAL: Every 10 minutes
[2026-07-05 07:02:24] ============================================================
[2026-07-05 07:02:24] Loaded 34 previously seen jobs.
[2026-07-05 07:02:24] Window: sending jobs posted after 2026-07-05T06:45:15.584891
[2026-07-05 07:02:24] Checking for new B.Tech fresher jobs from LinkedIn...
[2026-07-05 07:05:41] No new jobs found. Total tracked: 34
[2026-07-05 07:05:41] Single-run cycle complete. Exiting.
[2026-07-05 07:17:48] ============================================================
[2026-07-05 07:17:48]   B.Tech Jobs Fresher - Telegram Bot
[2026-07-05 07:17:48]   TARGET: B.Tech Freshers | LOCATION: Hyderabad
[2026-07-05 07:17:48]   CHECK INTERVAL: Every 10 minutes
[2026-07-05 07:17:48] ============================================================
[2026-07-05 07:17:48] Loaded 34 previously seen jobs.
[2026-07-05 07:17:48] Window: sending jobs posted after 2026-07-05T07:02:24.207462
[2026-07-05 07:17:48] Checking for new B.Tech fresher jobs from LinkedIn...
[2026-07-05 07:21:57] No new jobs found. Total tracked: 34
[2026-07-05 07:21:57] Single-run cycle complete. Exiting.
[2026-07-05 11:55:28] ============================================================
[2026-07-05 11:55:28]   B.Tech Jobs Fresher - Telegram Bot
[2026-07-05 11:55:28]   TARGET: B.Tech Freshers | LOCATION: Hyderabad
[2026-07-05 11:55:28]   CHECK INTERVAL: Every 10 minutes
[2026-07-05 11:55:28] ============================================================
[2026-07-05 11:55:28] Loaded 34 previously seen jobs.
[2026-07-05 11:55:28] Window: sending jobs posted after 2026-07-05T07:17:48.644193
[2026-07-05 11:55:28] Checking for new B.Tech fresher jobs from LinkedIn...
[2026-07-05 11:59:48] No new jobs found. Total tracked: 34
[2026-07-05 11:59:48] Single-run cycle complete. Exiting.
